# JRE version: OpenJDK Runtime Environment (17.0.11) (build 17.0.11+0--11852314)
# Java VM: OpenJDK 64-Bit Server VM (17.0.11+0--11852314, mixed mode, tiered, compressed oops, compressed class ptrs, g1 gc, windows-amd64)
GC Precious Log:
 CPUs: 16 total, 16 available
 Memory: 16068M
 Large Page Support: Disabled
 NUMA Support: Disabled
 Compressed Oops: Enabled (32-bit)
 Heap Region Size: 1M
 Heap Min Capacity: 8M
 Heap Initial Capacity: 252M
 Heap Max Capacity: 512M
 Pre-touch: Disabled
 Parallel Workers: 13
 Concurrent Workers: 3
 Concurrent Refinement Workers: 13
 Periodic GC: Disabled
Heap:
 garbage-first heap   total 207872K, used 152484K [0x00000000e0000000, 0x0000000100000000)
  region size 1024K, 68 young (69632K), 2 survivors (2048K)
 Metaspace       used 80977K, committed 81600K, reserved 344064K
  class space    used 11235K, committed 11520K, reserved 212992K
GC Heap History (20 events):
Event: 8.795 GC heap before
{Heap before GC invocations=36 (full 0):
 garbage-first heap   total 111616K, used 89743K [0x00000000e0000000, 0x0000000100000000)
  region size 1024K, 28 young (28672K), 3 survivors (3072K)
 Metaspace       used 74966K, committed 75648K, reserved 344064K
  class space    used 10351K, committed 10688K, reserved 212992K
}
Event: 8.798 GC heap after
{Heap after GC invocations=37 (full 0):
 garbage-first heap   total 111616K, used 67422K [0x00000000e0000000, 0x0000000100000000)
  region size 1024K, 4 young (4096K), 4 survivors (4096K)
 Metaspace       used 74966K, committed 75648K, reserved 344064K
  class space    used 10351K, committed 10688K, reserved 212992K
}
Event: 9.061 GC heap before
{Heap before GC invocations=38 (full 0):
 garbage-first heap   total 117760K, used 91998K [0x00000000e0000000, 0x0000000100000000)
  region size 1024K, 28 young (28672K), 4 survivors (4096K)
 Metaspace       used 76811K, committed 77376K, reserved 344064K
  class space    used 10659K, committed 10944K, reserved 212992K
}
Event: 9.064 GC heap after
{Heap after GC invocations=39 (full 0):
 garbage-first heap   total 117760K, used 69296K [0x00000000e0000000, 0x0000000100000000)
  region size 1024K, 2 young (2048K), 2 survivors (2048K)
 Metaspace       used 76811K, committed 77376K, reserved 344064K
  class space    used 10659K, committed 10944K, reserved 212992K
}
Event: 9.096 GC heap before
{Heap before GC invocations=39 (full 0):
 garbage-first heap   total 117760K, used 72368K [0x00000000e0000000, 0x0000000100000000)
  region size 1024K, 5 young (5120K), 2 survivors (2048K)
 Metaspace       used 76989K, committed 77632K, reserved 344064K
  class space    used 10683K, committed 11008K, reserved 212992K
}
Event: 9.098 GC heap after
{Heap after GC invocations=40 (full 0):
 garbage-first heap   total 117760K, used 69707K [0x00000000e0000000, 0x0000000100000000)
  region size 1024K, 1 young (1024K), 1 survivors (1024K)
 Metaspace       used 76989K, committed 77632K, reserved 344064K
  class space    used 10683K, committed 11008K, reserved 212992K
}
Event: 9.394 GC heap before
{Heap before GC invocations=40 (full 0):
 garbage-first heap   total 117760K, used 95307K [0x00000000e0000000, 0x0000000100000000)
  region size 1024K, 27 young (27648K), 1 survivors (1024K)
 Metaspace       used 78645K, committed 79296K, reserved 344064K
  class space    used 11002K, committed 11328K, reserved 212992K
}
Event: 9.397 GC heap after
{Heap after GC invocations=41 (full 0):
 garbage-first heap   total 117760K, used 72056K [0x00000000e0000000, 0x0000000100000000)
  region size 1024K, 3 young (3072K), 3 survivors (3072K)
 Metaspace       used 78645K, committed 79296K, reserved 344064K
  class space    used 11002K, committed 11328K, reserved 212992K
}
Event: 9.899 GC heap before
{Heap before GC invocations=42 (full 0):
 garbage-first heap   total 126976K, used 95608K [0x00000000e0000000, 0x0000000100000000)
  region size 1024K, 27 young (27648K), 3 survivors (3072K)
 Metaspace       used 79565K, committed 80192K, reserved 344064K
  class space    used 11105K, committed 11392K, reserved 212992K
}
Event: 9.902 GC heap after
{Heap after GC invocations=43 (full 0):
 garbage-first heap   total 126976K, used 75018K [0x00000000e0000000, 0x0000000100000000)
  region size 1024K, 4 young (4096K), 4 survivors (4096K)
 Metaspace       used 79565K, committed 80192K, reserved 344064K
  class space    used 11105K, committed 11392K, reserved 212992K
}
Event: 9.912 GC heap before
{Heap before GC invocations=43 (full 0):
 garbage-first heap   total 126976K, used 77066K [0x00000000e0000000, 0x0000000100000000)
  region size 1024K, 6 young (6144K), 4 survivors (4096K)
 Metaspace       used 79576K, committed 80192K, reserved 344064K
  class space    used 11105K, committed 11392K, reserved 212992K
}
Event: 9.914 GC heap after
{Heap after GC invocations=44 (full 0):
 garbage-first heap   total 126976K, used 75001K [0x00000000e0000000, 0x0000000100000000)
  region size 1024K, 1 young (1024K), 1 survivors (1024K)
 Metaspace       used 79576K, committed 80192K, reserved 344064K
  class space    used 11105K, committed 11392K, reserved 212992K
}
Event: 10.026 GC heap before
{Heap before GC invocations=44 (full 0):
 garbage-first heap   total 126976K, used 102649K [0x00000000e0000000, 0x0000000100000000)
  region size 1024K, 29 young (29696K), 1 survivors (1024K)
 Metaspace       used 79792K, committed 80384K, reserved 344064K
  class space    used 11107K, committed 11392K, reserved 212992K
}
Event: 10.028 GC heap after
{Heap after GC invocations=45 (full 0):
 garbage-first heap   total 126976K, used 77571K [0x00000000e0000000, 0x0000000100000000)
  region size 1024K, 4 young (4096K), 4 survivors (4096K)
 Metaspace       used 79792K, committed 80384K, reserved 344064K
  class space    used 11107K, committed 11392K, reserved 212992K
}
Event: 10.087 GC heap before
{Heap before GC invocations=45 (full 0):
 garbage-first heap   total 162816K, used 103171K [0x00000000e0000000, 0x0000000100000000)
  region size 1024K, 30 young (30720K), 4 survivors (4096K)
 Metaspace       used 79806K, committed 80448K, reserved 344064K
  class space    used 11107K, committed 11392K, reserved 212992K
}
Event: 10.091 GC heap after
{Heap after GC invocations=46 (full 0):
 garbage-first heap   total 162816K, used 78777K [0x00000000e0000000, 0x0000000100000000)
  region size 1024K, 3 young (3072K), 3 survivors (3072K)
 Metaspace       used 79806K, committed 80448K, reserved 344064K
  class space    used 11107K, committed 11392K, reserved 212992K
}
Event: 10.187 GC heap before
{Heap before GC invocations=47 (full 0):
 garbage-first heap   total 162816K, used 128953K [0x00000000e0000000, 0x0000000100000000)
  region size 1024K, 53 young (54272K), 3 survivors (3072K)
 Metaspace       used 79811K, committed 80448K, reserved 344064K
  class space    used 11108K, committed 11392K, reserved 212992K
}
Event: 10.191 GC heap after
{Heap after GC invocations=48 (full 0):
 garbage-first heap   total 207872K, used 80691K [0x00000000e0000000, 0x0000000100000000)
  region size 1024K, 5 young (5120K), 5 survivors (5120K)
 Metaspace       used 79811K, committed 80448K, reserved 344064K
  class space    used 11108K, committed 11392K, reserved 212992K
}
Event: 10.198 GC heap before
{Heap before GC invocations=48 (full 0):
 garbage-first heap   total 207872K, used 84787K [0x00000000e0000000, 0x0000000100000000)
  region size 1024K, 10 young (10240K), 5 survivors (5120K)
 Metaspace       used 79811K, committed 80448K, reserved 344064K
  class space    used 11108K, committed 11392K, reserved 212992K
}
Event: 10.202 GC heap after
{Heap after GC invocations=49 (full 0):
 garbage-first heap   total 207872K, used 79780K [0x00000000e0000000, 0x0000000100000000)
  region size 1024K, 2 young (2048K), 2 survivors (2048K)
 Metaspace       used 79811K, committed 80448K, reserved 344064K
  class space    used 11108K, committed 11392K, reserved 212992K
}

